2025-11-28 23:29:16 INFO  o.d.DispatcherApplication:55 - Starting DispatcherApplication using Java 17.0.11 on DESKTOP-QVVD2JF with PID 8156 (D:\JAVA\MyJava\BotStorage\dispatcher\target\classes started by rexar.ika in D:\JAVA\MyJava\BotStorage)
2025-11-28 23:29:16 DEBUG o.d.DispatcherApplication:56 - Running with Spring Boot v2.5.2, Spring v5.3.8
2025-11-28 23:29:16 INFO  o.d.DispatcherApplication:659 - No active profile set, falling back to default profiles: default
2025-11-28 23:29:17 INFO  o.s.b.w.e.t.TomcatWebServer:108 - Tomcat initialized with port(s): 8082 (http)
2025-11-28 23:29:17 INFO  o.a.c.h.Http11NioProtocol:173 - Initializing ProtocolHandler ["http-nio-8082"]
2025-11-28 23:29:17 INFO  o.a.c.c.StandardService:173 - Starting service [Tomcat]
2025-11-28 23:29:17 INFO  o.a.c.c.StandardEngine:173 - Starting Servlet engine: [Apache Tomcat/9.0.48]
2025-11-28 23:29:17 INFO  o.a.c.c.C.[.[.[/]:173 - Initializing Spring embedded WebApplicationContext
2025-11-28 23:29:17 INFO  o.s.b.w.s.c.ServletWebServerApplicationContext:290 - Root WebApplicationContext: initialization completed in 585 ms
2025-11-28 23:29:17 WARN  o.s.b.w.s.c.AnnotationConfigServletWebServerApplicationContext:591 - Exception encountered during context initialization - cancelling refresh attempt: org.springframework.beans.factory.BeanCreationException: Error creating bean with name 'telegramBot': Invocation of init method failed; nested exception is java.lang.NullPointerException: Cannot invoke "org.dgika.controller.UpdateController.registerBot(org.dgika.controller.TelegramBot)" because "this.updateController" is null
2025-11-28 23:29:17 INFO  o.a.c.c.StandardService:173 - Stopping service [Tomcat]
2025-11-28 23:29:17 INFO  o.s.b.a.l.ConditionEvaluationReportLoggingListener:136 - 

Error starting ApplicationContext. To display the conditions report re-run your application with 'debug' enabled.
2025-11-28 23:29:17 ERROR o.s.b.SpringApplication:843 - Application run failed
org.springframework.beans.factory.BeanCreationException: Error creating bean with name 'telegramBot': Invocation of init method failed; nested exception is java.lang.NullPointerException: Cannot invoke "org.dgika.controller.UpdateController.registerBot(org.dgika.controller.TelegramBot)" because "this.updateController" is null
	at org.springframework.beans.factory.annotation.InitDestroyAnnotationBeanPostProcessor.postProcessBeforeInitialization(InitDestroyAnnotationBeanPostProcessor.java:160)
	at org.springframework.beans.factory.support.AbstractAutowireCapableBeanFactory.applyBeanPostProcessorsBeforeInitialization(AbstractAutowireCapableBeanFactory.java:422)
	at org.springframework.beans.factory.support.AbstractAutowireCapableBeanFactory.initializeBean(AbstractAutowireCapableBeanFactory.java:1778)
	at org.springframework.beans.factory.support.AbstractAutowireCapableBeanFactory.doCreateBean(AbstractAutowireCapableBeanFactory.java:602)
	at org.springframework.beans.factory.support.AbstractAutowireCapableBeanFactory.createBean(AbstractAutowireCapableBeanFactory.java:524)
	at org.springframework.beans.factory.support.AbstractBeanFactory.lambda$doGetBean$0(AbstractBeanFactory.java:335)
	at org.springframework.beans.factory.support.DefaultSingletonBeanRegistry.getSingleton(DefaultSingletonBeanRegistry.java:234)
	at org.springframework.beans.factory.support.AbstractBeanFactory.doGetBean(AbstractBeanFactory.java:333)
	at org.springframework.beans.factory.support.AbstractBeanFactory.getBean(AbstractBeanFactory.java:208)
	at org.springframework.beans.factory.support.DefaultListableBeanFactory.preInstantiateSingletons(DefaultListableBeanFactory.java:944)
	at org.springframework.context.support.AbstractApplicationContext.finishBeanFactoryInitialization(AbstractApplicationContext.java:918)
	at org.springframework.context.support.AbstractApplicationContext.refresh(AbstractApplicationContext.java:583)
	at org.springframework.boot.web.servlet.context.ServletWebServerApplicationContext.refresh(ServletWebServerApplicationContext.java:145)
	at org.springframework.boot.SpringApplication.refresh(SpringApplication.java:754)
	at org.springframework.boot.SpringApplication.refreshContext(SpringApplication.java:434)
	at org.springframework.boot.SpringApplication.run(SpringApplication.java:338)
	at org.springframework.boot.SpringApplication.run(SpringApplication.java:1343)
	at org.springframework.boot.SpringApplication.run(SpringApplication.java:1332)
	at org.dgika.DispatcherApplication.main(DispatcherApplication.java:9)
Caused by: java.lang.NullPointerException: Cannot invoke "org.dgika.controller.UpdateController.registerBot(org.dgika.controller.TelegramBot)" because "this.updateController" is null
	at org.dgika.controller.TelegramBot.init(TelegramBot.java:28)
	at java.base/jdk.internal.reflect.NativeMethodAccessorImpl.invoke0(Native Method)
	at java.base/jdk.internal.reflect.NativeMethodAccessorImpl.invoke(NativeMethodAccessorImpl.java:77)
	at java.base/jdk.internal.reflect.DelegatingMethodAccessorImpl.invoke(DelegatingMethodAccessorImpl.java:43)
	at java.base/java.lang.reflect.Method.invoke(Method.java:568)
	at org.springframework.beans.factory.annotation.InitDestroyAnnotationBeanPostProcessor$LifecycleElement.invoke(InitDestroyAnnotationBeanPostProcessor.java:389)
	at org.springframework.beans.factory.annotation.InitDestroyAnnotationBeanPostProcessor$LifecycleMetadata.invokeInitMethods(InitDestroyAnnotationBeanPostProcessor.java:333)
	at org.springframework.beans.factory.annotation.InitDestroyAnnotationBeanPostProcessor.postProcessBeforeInitialization(InitDestroyAnnotationBeanPostProcessor.java:157)
	... 18 common frames omitted
2025-11-28 23:31:23 INFO  o.d.DispatcherApplication:55 - Starting DispatcherApplication using Java 17.0.11 on DESKTOP-QVVD2JF with PID 36652 (D:\JAVA\MyJava\BotStorage\dispatcher\target\classes started by rexar.ika in D:\JAVA\MyJava\BotStorage)
2025-11-28 23:31:23 DEBUG o.d.DispatcherApplication:56 - Running with Spring Boot v2.5.2, Spring v5.3.8
2025-11-28 23:31:23 INFO  o.d.DispatcherApplication:659 - No active profile set, falling back to default profiles: default
2025-11-28 23:31:24 INFO  o.s.b.w.e.t.TomcatWebServer:108 - Tomcat initialized with port(s): 8082 (http)
2025-11-28 23:31:24 INFO  o.a.c.h.Http11NioProtocol:173 - Initializing ProtocolHandler ["http-nio-8082"]
2025-11-28 23:31:24 INFO  o.a.c.c.StandardService:173 - Starting service [Tomcat]
2025-11-28 23:31:24 INFO  o.a.c.c.StandardEngine:173 - Starting Servlet engine: [Apache Tomcat/9.0.48]
2025-11-28 23:31:24 INFO  o.a.c.c.C.[.[.[/]:173 - Initializing Spring embedded WebApplicationContext
2025-11-28 23:31:24 INFO  o.s.b.w.s.c.ServletWebServerApplicationContext:290 - Root WebApplicationContext: initialization completed in 526 ms
2025-11-28 23:31:24 WARN  o.s.b.w.s.c.AnnotationConfigServletWebServerApplicationContext:591 - Exception encountered during context initialization - cancelling refresh attempt: org.springframework.beans.factory.BeanCreationException: Error creating bean with name 'telegramBot': Invocation of init method failed; nested exception is java.lang.NullPointerException: Cannot invoke "org.dgika.controller.UpdateController.registerBot(org.dgika.controller.TelegramBot)" because "this.updateController" is null
2025-11-28 23:31:24 INFO  o.a.c.c.StandardService:173 - Stopping service [Tomcat]
2025-11-28 23:31:24 INFO  o.s.b.a.l.ConditionEvaluationReportLoggingListener:136 - 

Error starting ApplicationContext. To display the conditions report re-run your application with 'debug' enabled.
2025-11-28 23:31:24 ERROR o.s.b.SpringApplication:843 - Application run failed
org.springframework.beans.factory.BeanCreationException: Error creating bean with name 'telegramBot': Invocation of init method failed; nested exception is java.lang.NullPointerException: Cannot invoke "org.dgika.controller.UpdateController.registerBot(org.dgika.controller.TelegramBot)" because "this.updateController" is null
	at org.springframework.beans.factory.annotation.InitDestroyAnnotationBeanPostProcessor.postProcessBeforeInitialization(InitDestroyAnnotationBeanPostProcessor.java:160)
	at org.springframework.beans.factory.support.AbstractAutowireCapableBeanFactory.applyBeanPostProcessorsBeforeInitialization(AbstractAutowireCapableBeanFactory.java:422)
	at org.springframework.beans.factory.support.AbstractAutowireCapableBeanFactory.initializeBean(AbstractAutowireCapableBeanFactory.java:1778)
	at org.springframework.beans.factory.support.AbstractAutowireCapableBeanFactory.doCreateBean(AbstractAutowireCapableBeanFactory.java:602)
	at org.springframework.beans.factory.support.AbstractAutowireCapableBeanFactory.createBean(AbstractAutowireCapableBeanFactory.java:524)
	at org.springframework.beans.factory.support.AbstractBeanFactory.lambda$doGetBean$0(AbstractBeanFactory.java:335)
	at org.springframework.beans.factory.support.DefaultSingletonBeanRegistry.getSingleton(DefaultSingletonBeanRegistry.java:234)
	at org.springframework.beans.factory.support.AbstractBeanFactory.doGetBean(AbstractBeanFactory.java:333)
	at org.springframework.beans.factory.support.AbstractBeanFactory.getBean(AbstractBeanFactory.java:208)
	at org.springframework.beans.factory.support.DefaultListableBeanFactory.preInstantiateSingletons(DefaultListableBeanFactory.java:944)
	at org.springframework.context.support.AbstractApplicationContext.finishBeanFactoryInitialization(AbstractApplicationContext.java:918)
	at org.springframework.context.support.AbstractApplicationContext.refresh(AbstractApplicationContext.java:583)
	at org.springframework.boot.web.servlet.context.ServletWebServerApplicationContext.refresh(ServletWebServerApplicationContext.java:145)
	at org.springframework.boot.SpringApplication.refresh(SpringApplication.java:754)
	at org.springframework.boot.SpringApplication.refreshContext(SpringApplication.java:434)
	at org.springframework.boot.SpringApplication.run(SpringApplication.java:338)
	at org.springframework.boot.SpringApplication.run(SpringApplication.java:1343)
	at org.springframework.boot.SpringApplication.run(SpringApplication.java:1332)
	at org.dgika.DispatcherApplication.main(DispatcherApplication.java:9)
Caused by: java.lang.NullPointerException: Cannot invoke "org.dgika.controller.UpdateController.registerBot(org.dgika.controller.TelegramBot)" because "this.updateController" is null
	at org.dgika.controller.TelegramBot.init(TelegramBot.java:28)
	at java.base/jdk.internal.reflect.NativeMethodAccessorImpl.invoke0(Native Method)
	at java.base/jdk.internal.reflect.NativeMethodAccessorImpl.invoke(NativeMethodAccessorImpl.java:77)
	at java.base/jdk.internal.reflect.DelegatingMethodAccessorImpl.invoke(DelegatingMethodAccessorImpl.java:43)
	at java.base/java.lang.reflect.Method.invoke(Method.java:568)
	at org.springframework.beans.factory.annotation.InitDestroyAnnotationBeanPostProcessor$LifecycleElement.invoke(InitDestroyAnnotationBeanPostProcessor.java:389)
	at org.springframework.beans.factory.annotation.InitDestroyAnnotationBeanPostProcessor$LifecycleMetadata.invokeInitMethods(InitDestroyAnnotationBeanPostProcessor.java:333)
	at org.springframework.beans.factory.annotation.InitDestroyAnnotationBeanPostProcessor.postProcessBeforeInitialization(InitDestroyAnnotationBeanPostProcessor.java:157)
	... 18 common frames omitted
2025-11-28 23:34:39 INFO  o.d.DispatcherApplication:55 - Starting DispatcherApplication using Java 17.0.11 on DESKTOP-QVVD2JF with PID 18612 (D:\JAVA\MyJava\BotStorage\dispatcher\target\classes started by rexar.ika in D:\JAVA\MyJava\BotStorage)
2025-11-28 23:34:39 DEBUG o.d.DispatcherApplication:56 - Running with Spring Boot v2.5.2, Spring v5.3.8
2025-11-28 23:34:39 INFO  o.d.DispatcherApplication:659 - No active profile set, falling back to default profiles: default
2025-11-28 23:34:40 INFO  o.s.b.w.e.t.TomcatWebServer:108 - Tomcat initialized with port(s): 8082 (http)
2025-11-28 23:34:40 INFO  o.a.c.h.Http11NioProtocol:173 - Initializing ProtocolHandler ["http-nio-8082"]
2025-11-28 23:34:40 INFO  o.a.c.c.StandardService:173 - Starting service [Tomcat]
2025-11-28 23:34:40 INFO  o.a.c.c.StandardEngine:173 - Starting Servlet engine: [Apache Tomcat/9.0.48]
2025-11-28 23:34:40 INFO  o.a.c.c.C.[.[.[/]:173 - Initializing Spring embedded WebApplicationContext
2025-11-28 23:34:40 INFO  o.s.b.w.s.c.ServletWebServerApplicationContext:290 - Root WebApplicationContext: initialization completed in 537 ms
2025-11-28 23:35:29 WARN  o.s.b.w.s.c.AnnotationConfigServletWebServerApplicationContext:591 - Exception encountered during context initialization - cancelling refresh attempt: org.springframework.beans.factory.BeanCreationException: Error creating bean with name 'telegramBot': Invocation of init method failed; nested exception is java.lang.NullPointerException: Cannot invoke "org.dgika.controller.UpdateController.registerBot(org.dgika.controller.TelegramBot)" because "this.updateController" is null
2025-11-28 23:35:29 INFO  o.a.c.c.StandardService:173 - Stopping service [Tomcat]
2025-11-28 23:35:29 INFO  o.s.b.a.l.ConditionEvaluationReportLoggingListener:136 - 

Error starting ApplicationContext. To display the conditions report re-run your application with 'debug' enabled.
2025-11-28 23:35:29 ERROR o.s.b.SpringApplication:843 - Application run failed
org.springframework.beans.factory.BeanCreationException: Error creating bean with name 'telegramBot': Invocation of init method failed; nested exception is java.lang.NullPointerException: Cannot invoke "org.dgika.controller.UpdateController.registerBot(org.dgika.controller.TelegramBot)" because "this.updateController" is null
	at org.springframework.beans.factory.annotation.InitDestroyAnnotationBeanPostProcessor.postProcessBeforeInitialization(InitDestroyAnnotationBeanPostProcessor.java:160)
	at org.springframework.beans.factory.support.AbstractAutowireCapableBeanFactory.applyBeanPostProcessorsBeforeInitialization(AbstractAutowireCapableBeanFactory.java:422)
	at org.springframework.beans.factory.support.AbstractAutowireCapableBeanFactory.initializeBean(AbstractAutowireCapableBeanFactory.java:1778)
	at org.springframework.beans.factory.support.AbstractAutowireCapableBeanFactory.doCreateBean(AbstractAutowireCapableBeanFactory.java:602)
	at org.springframework.beans.factory.support.AbstractAutowireCapableBeanFactory.createBean(AbstractAutowireCapableBeanFactory.java:524)
	at org.springframework.beans.factory.support.AbstractBeanFactory.lambda$doGetBean$0(AbstractBeanFactory.java:335)
	at org.springframework.beans.factory.support.DefaultSingletonBeanRegistry.getSingleton(DefaultSingletonBeanRegistry.java:234)
	at org.springframework.beans.factory.support.AbstractBeanFactory.doGetBean(AbstractBeanFactory.java:333)
	at org.springframework.beans.factory.support.AbstractBeanFactory.getBean(AbstractBeanFactory.java:208)
	at org.springframework.beans.factory.support.DefaultListableBeanFactory.preInstantiateSingletons(DefaultListableBeanFactory.java:944)
	at org.springframework.context.support.AbstractApplicationContext.finishBeanFactoryInitialization(AbstractApplicationContext.java:918)
	at org.springframework.context.support.AbstractApplicationContext.refresh(AbstractApplicationContext.java:583)
	at org.springframework.boot.web.servlet.context.ServletWebServerApplicationContext.refresh(ServletWebServerApplicationContext.java:145)
	at org.springframework.boot.SpringApplication.refresh(SpringApplication.java:754)
	at org.springframework.boot.SpringApplication.refreshContext(SpringApplication.java:434)
	at org.springframework.boot.SpringApplication.run(SpringApplication.java:338)
	at org.springframework.boot.SpringApplication.run(SpringApplication.java:1343)
	at org.springframework.boot.SpringApplication.run(SpringApplication.java:1332)
	at org.dgika.DispatcherApplication.main(DispatcherApplication.java:9)
Caused by: java.lang.NullPointerException: Cannot invoke "org.dgika.controller.UpdateController.registerBot(org.dgika.controller.TelegramBot)" because "this.updateController" is null
	at org.dgika.controller.TelegramBot.init(TelegramBot.java:28)
	at java.base/jdk.internal.reflect.NativeMethodAccessorImpl.invoke0(Native Method)
	at java.base/jdk.internal.reflect.NativeMethodAccessorImpl.invoke(NativeMethodAccessorImpl.java:77)
	at java.base/jdk.internal.reflect.DelegatingMethodAccessorImpl.invoke(DelegatingMethodAccessorImpl.java:43)
	at java.base/java.lang.reflect.Method.invoke(Method.java:568)
	at org.springframework.beans.factory.annotation.InitDestroyAnnotationBeanPostProcessor$LifecycleElement.invoke(InitDestroyAnnotationBeanPostProcessor.java:389)
	at org.springframework.beans.factory.annotation.InitDestroyAnnotationBeanPostProcessor$LifecycleMetadata.invokeInitMethods(InitDestroyAnnotationBeanPostProcessor.java:333)
	at org.springframework.beans.factory.annotation.InitDestroyAnnotationBeanPostProcessor.postProcessBeforeInitialization(InitDestroyAnnotationBeanPostProcessor.java:157)
	... 18 common frames omitted
2025-11-28 23:39:37 INFO  o.d.DispatcherApplication:55 - Starting DispatcherApplication using Java 17.0.11 on DESKTOP-QVVD2JF with PID 25732 (D:\JAVA\MyJava\BotStorage\dispatcher\target\classes started by rexar.ika in D:\JAVA\MyJava\BotStorage)
2025-11-28 23:39:37 DEBUG o.d.DispatcherApplication:56 - Running with Spring Boot v2.5.2, Spring v5.3.8
2025-11-28 23:39:37 INFO  o.d.DispatcherApplication:659 - No active profile set, falling back to default profiles: default
2025-11-28 23:39:38 INFO  o.s.b.w.e.t.TomcatWebServer:108 - Tomcat initialized with port(s): 8082 (http)
2025-11-28 23:39:38 INFO  o.a.c.h.Http11NioProtocol:173 - Initializing ProtocolHandler ["http-nio-8082"]
2025-11-28 23:39:38 INFO  o.a.c.c.StandardService:173 - Starting service [Tomcat]
2025-11-28 23:39:38 INFO  o.a.c.c.StandardEngine:173 - Starting Servlet engine: [Apache Tomcat/9.0.48]
2025-11-28 23:39:38 INFO  o.a.c.c.C.[.[.[/]:173 - Initializing Spring embedded WebApplicationContext
2025-11-28 23:39:38 INFO  o.s.b.w.s.c.ServletWebServerApplicationContext:290 - Root WebApplicationContext: initialization completed in 491 ms
2025-11-28 23:39:38 WARN  o.s.b.w.s.c.AnnotationConfigServletWebServerApplicationContext:591 - Exception encountered during context initialization - cancelling refresh attempt: org.springframework.beans.factory.UnsatisfiedDependencyException: Error creating bean with name 'telegramBot' defined in file [D:\JAVA\MyJava\BotStorage\dispatcher\target\classes\org\dgika\controller\TelegramBot.class]: Unsatisfied dependency expressed through constructor parameter 0; nested exception is org.springframework.beans.factory.UnsatisfiedDependencyException: Error creating bean with name 'updateController' defined in file [D:\JAVA\MyJava\BotStorage\dispatcher\target\classes\org\dgika\controller\UpdateController.class]: Unsatisfied dependency expressed through constructor parameter 0; nested exception is org.springframework.beans.factory.BeanCurrentlyInCreationException: Error creating bean with name 'telegramBot': Requested bean is currently in creation: Is there an unresolvable circular reference?
2025-11-28 23:39:38 INFO  o.a.c.c.StandardService:173 - Stopping service [Tomcat]
2025-11-28 23:39:38 INFO  o.s.b.a.l.ConditionEvaluationReportLoggingListener:136 - 

Error starting ApplicationContext. To display the conditions report re-run your application with 'debug' enabled.
2025-11-28 23:39:38 ERROR o.s.b.d.LoggingFailureAnalysisReporter:40 - 

***************************
APPLICATION FAILED TO START
***************************

Description:

The dependencies of some of the beans in the application context form a cycle:

┌─────┐
|  telegramBot defined in file [D:\JAVA\MyJava\BotStorage\dispatcher\target\classes\org\dgika\controller\TelegramBot.class]
↑     ↓
|  updateController defined in file [D:\JAVA\MyJava\BotStorage\dispatcher\target\classes\org\dgika\controller\UpdateController.class]
└─────┘


2025-11-28 23:41:37 INFO  o.d.DispatcherApplication:55 - Starting DispatcherApplication using Java 17.0.11 on DESKTOP-QVVD2JF with PID 7984 (D:\JAVA\MyJava\BotStorage\dispatcher\target\classes started by rexar.ika in D:\JAVA\MyJava\BotStorage)
2025-11-28 23:41:37 DEBUG o.d.DispatcherApplication:56 - Running with Spring Boot v2.5.2, Spring v5.3.8
2025-11-28 23:41:37 INFO  o.d.DispatcherApplication:659 - No active profile set, falling back to default profiles: default
2025-11-28 23:41:38 INFO  o.s.b.w.e.t.TomcatWebServer:108 - Tomcat initialized with port(s): 8082 (http)
2025-11-28 23:41:38 INFO  o.a.c.h.Http11NioProtocol:173 - Initializing ProtocolHandler ["http-nio-8082"]
2025-11-28 23:41:38 INFO  o.a.c.c.StandardService:173 - Starting service [Tomcat]
2025-11-28 23:41:38 INFO  o.a.c.c.StandardEngine:173 - Starting Servlet engine: [Apache Tomcat/9.0.48]
2025-11-28 23:41:38 INFO  o.a.c.c.C.[.[.[/]:173 - Initializing Spring embedded WebApplicationContext
2025-11-28 23:41:38 INFO  o.s.b.w.s.c.ServletWebServerApplicationContext:290 - Root WebApplicationContext: initialization completed in 487 ms
2025-11-28 23:41:38 INFO  o.a.c.h.Http11NioProtocol:173 - Starting ProtocolHandler ["http-nio-8082"]
2025-11-28 23:41:38 INFO  o.s.b.w.e.t.TomcatWebServer:220 - Tomcat started on port(s): 8082 (http) with context path ''
2025-11-28 23:41:38 INFO  o.d.DispatcherApplication:61 - Started DispatcherApplication in 1.331 seconds (JVM running for 1.679)
2025-11-28 23:41:50 DEBUG o.d.s.i.UpdateProducerImpl:14 - Message(messageId=11, messageThreadId=null, from=User(id=293487042, firstName=Ираклий, isBot=false, lastName=null, userName=lrakliy, languageCode=ru, canJoinGroups=null, canReadAllGroupMessages=null, supportInlineQueries=null, isPremium=null, addedToAttachmentMenu=null), date=1764362510, chat=Chat(id=293487042, type=private, title=null, firstName=Ираклий, lastName=null, userName=lrakliy, photo=null, description=null, inviteLink=null, pinnedMessage=null, stickerSetName=null, canSetStickerSet=null, permissions=null, slowModeDelay=null, bio=null, linkedChatId=null, location=null, messageAutoDeleteTime=null, hasPrivateForwards=null, HasProtectedContent=null, joinToSendMessages=null, joinByRequest=null, hasRestrictedVoiceAndVideoMessages=null, isForum=null, activeUsernames=null, emojiStatusCustomEmojiId=null, hasAggressiveAntiSpamEnabled=null, hasHiddenMembers=null), forwardFrom=null, forwardFromChat=null, forwardDate=null, text=привет, entities=null, captionEntities=null, audio=null, document=null, photo=null, sticker=null, video=null, contact=null, location=null, venue=null, animation=null, pinnedMessage=null, newChatMembers=[], leftChatMember=null, newChatTitle=null, newChatPhoto=null, deleteChatPhoto=null, groupchatCreated=null, replyToMessage=null, voice=null, caption=null, superGroupCreated=null, channelChatCreated=null, migrateToChatId=null, migrateFromChatId=null, editDate=null, game=null, forwardFromMessageId=null, invoice=null, successfulPayment=null, videoNote=null, authorSignature=null, forwardSignature=null, mediaGroupId=null, connectedWebsite=null, passportData=null, forwardSenderName=null, poll=null, replyMarkup=null, dice=null, viaBot=null, senderChat=null, proximityAlertTriggered=null, messageAutoDeleteTimerChanged=null, isAutomaticForward=null, hasProtectedContent=null, webAppData=null, videoChatStarted=null, videoChatEnded=null, videoChatParticipantsInvited=null, videoChatScheduled=null, isTopicMessage=null, forumTopicCreated=null, forumTopicClosed=null, forumTopicReopened=null, forumTopicEdited=null, generalForumTopicHidden=null, generalForumTopicUnhidden=null, writeAccessAllowed=null, hasMediaSpoiler=null, userShared=null, chatShared=null)
